<?xml version="1.0" encoding="UTF-8"?>
<testsuite name="tests.algorithms.ConnectivityTest" tests="6" skipped="0" failures="0" errors="0" timestamp="2018-10-26T14:58:30" hostname="רן-PC" time="0.05">
  <properties/>
  <testcase name="areDirected()" classname="tests.algorithms.ConnectivityTest" time="0.029"/>
  <testcase name="connectedComponents()" classname="tests.algorithms.ConnectivityTest" time="0.006"/>
  <testcase name="connected()" classname="tests.algorithms.ConnectivityTest" time="0.005"/>
  <testcase name="findDirected()" classname="tests.algorithms.ConnectivityTest" time="0.001"/>
  <testcase name="findUndirected()" classname="tests.algorithms.ConnectivityTest" time="0.001"/>
  <testcase name="areUndirected()" classname="tests.algorithms.ConnectivityTest" time="0.003"/>
  <system-out><![CDATA[]]></system-out>
  <system-err><![CDATA[]]></system-err>
</testsuite>
