<?xml version="1.0" encoding="UTF-8"?>
<testsuite name="tests.algorithms.SPSPTest" tests="4" skipped="0" failures="0" errors="0" timestamp="2018-10-26T14:58:30" hostname="רן-PC" time="0.015">
  <properties/>
  <testcase name="unitWeights()" classname="tests.algorithms.SPSPTest" time="0.002"/>
  <testcase name="DAG()" classname="tests.algorithms.SPSPTest" time="0.004"/>
  <testcase name="Dijkstra()" classname="tests.algorithms.SPSPTest" time="0.003"/>
  <testcase name="BellmanFord()" classname="tests.algorithms.SPSPTest" time="0.003"/>
  <system-out><![CDATA[]]></system-out>
  <system-err><![CDATA[]]></system-err>
</testsuite>
