<?xml version="1.0" encoding="UTF-8"?>
<testsuite name="tests.dataStructures.graph.VertexImplTest" tests="1" skipped="0" failures="0" errors="0" timestamp="2018-10-26T14:58:30" hostname="רן-PC" time="0.0">
  <properties/>
  <testcase name="equalsHashCode()" classname="tests.dataStructures.graph.VertexImplTest" time="0.0"/>
  <system-out><![CDATA[]]></system-out>
  <system-err><![CDATA[]]></system-err>
</testsuite>
