<?xml version="1.0" encoding="UTF-8"?>
<testsuite name="tests.dataStructures.HollowHeapTest" tests="3" skipped="0" failures="0" errors="0" timestamp="2018-10-26T14:58:30" hostname="רן-PC" time="0.002">
  <properties/>
  <testcase name="test1()" classname="tests.dataStructures.HollowHeapTest" time="0.0"/>
  <testcase name="test2()" classname="tests.dataStructures.HollowHeapTest" time="0.0"/>
  <testcase name="test3()" classname="tests.dataStructures.HollowHeapTest" time="0.001"/>
  <system-out><![CDATA[]]></system-out>
  <system-err><![CDATA[]]></system-err>
</testsuite>
