<?xml version="1.0" encoding="UTF-8"?>
<testsuite name="tests.dataStructures.graph.AdjListGraphUndirectedTest" tests="9" skipped="0" failures="0" errors="0" timestamp="2018-10-26T14:58:30" hostname="רן-PC" time="0.009">
  <properties/>
  <testcase name="vertices()" classname="tests.dataStructures.graph.AdjListGraphUndirectedTest" time="0.001"/>
  <testcase name="verticesCount()" classname="tests.dataStructures.graph.AdjListGraphUndirectedTest" time="0.0"/>
  <testcase name="degree()" classname="tests.dataStructures.graph.AdjListGraphUndirectedTest" time="0.0"/>
  <testcase name="edgesCount()" classname="tests.dataStructures.graph.AdjListGraphUndirectedTest" time="0.0"/>
  <testcase name="outgoingVU()" classname="tests.dataStructures.graph.AdjListGraphUndirectedTest" time="0.001"/>
  <testcase name="connected()" classname="tests.dataStructures.graph.AdjListGraphUndirectedTest" time="0.0"/>
  <testcase name="containsVertex()" classname="tests.dataStructures.graph.AdjListGraphUndirectedTest" time="0.0"/>
  <testcase name="edges()" classname="tests.dataStructures.graph.AdjListGraphUndirectedTest" time="0.0"/>
  <testcase name="outgoingV()" classname="tests.dataStructures.graph.AdjListGraphUndirectedTest" time="0.001"/>
  <system-out><![CDATA[]]></system-out>
  <system-err><![CDATA[]]></system-err>
</testsuite>
